 Right --> OK
Previous --> OK
Previous --> OK
Grasp crowbar --> OK
Following --> OK
Right --> OK
Grasp key --> OK
Open lock with key --> OK
Previous --> OK
Grasp idcard1 --> OK
Following --> OK
Left --> OK
Following --> OK
Open weakdoor1 with crowbar --> OK
Right --> OK
Up --> OK
Left --> OK
Following --> OK
Right --> OK
Right --> OK
Right --> OK
Open cardlector2 with idcard1 --> OK
Right --> OK
Open cardlector3 with idcard1 --> OK
Up --> OK
Right --> OK
Previous --> OK
Right --> OK
Right --> OK
Grasp lantern --> OK
Left --> OK
Left --> OK
Following --> OK
Left --> OK
Down --> OK
Left --> OK
Left --> OK
Left --> OK
Left --> OK
Previous --> OK
Right --> OK
Down --> OK
Left --> OK
Following --> OK
TurnOn lantern --> OK
Open cardlector1 with idcard1 --> OK
Following --> OK
Down --> OK
Previous --> OK
Previous --> OK
Right --> OK
Grasp gears --> OK
Left --> OK
Left --> OK
Grasp fusekey --> OK
Right --> OK
Previous --> OK
Open fuselock with fusekey --> OK
Right --> OK
Grasp fuses --> OK
Grasp strangekey --> OK
Left --> OK
Following --> OK
Left --> OK
Open transfusionlock with strangekey --> OK
Previous --> OK
Grasp transcore --> OK
Following --> OK
Right --> OK
Drop gears --> OK
Drop fuses --> OK
Grasp coca-cola --> OK
Drop transcore --> OK
Exit --> OK
